# JRE version: Java(TM) SE Runtime Environment (8.0_211-b12) (build 1.8.0_211-b12)
# Java VM: Java HotSpot(TM) 64-Bit Server VM (25.211-b12 mixed mode linux-amd64 compressed oops)
Heap:
 PSYoungGen      total 333312K, used 161387K [0x00000000e3d80000, 0x00000000ff500000, 0x0000000100000000)
  eden space 224768K, 64% used [0x00000000e3d80000,0x00000000ecafaf48,0x00000000f1900000)
  from space 108544K, 15% used [0x00000000f8b00000,0x00000000f9b20010,0x00000000ff500000)
  to   space 112640K, 0% used [0x00000000f1900000,0x00000000f1900000,0x00000000f8700000)
 ParOldGen       total 444928K, used 329054K [0x00000000ab800000, 0x00000000c6a80000, 0x00000000e3d80000)
  object space 444928K, 73% used [0x00000000ab800000,0x00000000bf957a90,0x00000000c6a80000)
 Metaspace       used 31457K, capacity 31769K, committed 31872K, reserved 1077248K
  class space    used 3605K, capacity 3691K, committed 3712K, reserved 1048576K
GC Heap History (10 events):
Event: 3191,944 GC heap before
{Heap before GC invocations=693 (full 25):
 PSYoungGen      total 237056K, used 230530K [0x00000000e3d80000, 0x00000000ffb00000, 0x0000000100000000)
  eden space 225792K, 97% used [0x00000000e3d80000,0x00000000f141ced0,0x00000000f1a00000)
  from space 11264K, 95% used [0x00000000f1a00000,0x00000000f2483980,0x00000000f2500000)
  to   space 115200K, 0% used [0x00000000f8a80000,0x00000000f8a80000,0x00000000ffb00000)
 ParOldGen       total 444928K, used 256903K [0x00000000ab800000, 0x00000000c6a80000, 0x00000000e3d80000)
  object space 444928K, 57% used [0x00000000ab800000,0x00000000bb2e1e58,0x00000000c6a80000)
 Metaspace       used 31457K, capacity 31769K, committed 31872K, reserved 1077248K
  class space    used 3605K, capacity 3691K, committed 3712K, reserved 1048576K
Event: 3191,960 GC heap after
Heap after GC invocations=693 (full 25):
 PSYoungGen      total 312320K, used 104243K [0x00000000e3d80000, 0x0000000100000000, 0x0000000100000000)
  eden space 197120K, 0% used [0x00000000e3d80000,0x00000000e3d80000,0x00000000efe00000)
  from space 115200K, 90% used [0x00000000f8a80000,0x00000000ff04ce80,0x00000000ffb00000)
  to   space 132096K, 0% used [0x00000000efe00000,0x00000000efe00000,0x00000000f7f00000)
 ParOldGen       total 444928K, used 267253K [0x00000000ab800000, 0x00000000c6a80000, 0x00000000e3d80000)
  object space 444928K, 60% used [0x00000000ab800000,0x00000000bbcfd7c8,0x00000000c6a80000)
 Metaspace       used 31457K, capacity 31769K, committed 31872K, reserved 1077248K
  class space    used 3605K, capacity 3691K, committed 3712K, reserved 1048576K
}
Event: 3193,011 GC heap before
{Heap before GC invocations=694 (full 25):
 PSYoungGen      total 312320K, used 293536K [0x00000000e3d80000, 0x0000000100000000, 0x0000000100000000)
  eden space 197120K, 96% used [0x00000000e3d80000,0x00000000ef65b378,0x00000000efe00000)
  from space 115200K, 90% used [0x00000000f8a80000,0x00000000ff04ce80,0x00000000ffb00000)
  to   space 132096K, 0% used [0x00000000efe00000,0x00000000efe00000,0x00000000f7f00000)
 ParOldGen       total 444928K, used 267253K [0x00000000ab800000, 0x00000000c6a80000, 0x00000000e3d80000)
  object space 444928K, 60% used [0x00000000ab800000,0x00000000bbcfd7c8,0x00000000c6a80000)
 Metaspace       used 31457K, capacity 31769K, committed 31872K, reserved 1077248K
  class space    used 3605K, capacity 3691K, committed 3712K, reserved 1048576K
Event: 3193,045 GC heap after
Heap after GC invocations=694 (full 25):
 PSYoungGen      total 329216K, used 52888K [0x00000000e3d80000, 0x0000000100000000, 0x0000000100000000)
  eden space 197120K, 0% used [0x00000000e3d80000,0x00000000e3d80000,0x00000000efe00000)
  from space 132096K, 40% used [0x00000000efe00000,0x00000000f31a61d0,0x00000000f7f00000)
  to   space 126464K, 0% used [0x00000000f8480000,0x00000000f8480000,0x0000000100000000)
 ParOldGen       total 444928K, used 297726K [0x00000000ab800000, 0x00000000c6a80000, 0x00000000e3d80000)
  object space 444928K, 66% used [0x00000000ab800000,0x00000000bdabf9c8,0x00000000c6a80000)
 Metaspace       used 31457K, capacity 31769K, committed 31872K, reserved 1077248K
  class space    used 3605K, capacity 3691K, committed 3712K, reserved 1048576K
}
Event: 3193,414 GC heap before
{Heap before GC invocations=695 (full 25):
 PSYoungGen      total 329216K, used 243734K [0x00000000e3d80000, 0x0000000100000000, 0x0000000100000000)
  eden space 197120K, 96% used [0x00000000e3d80000,0x00000000ef7df750,0x00000000efe00000)
  from space 132096K, 40% used [0x00000000efe00000,0x00000000f31a61d0,0x00000000f7f00000)
  to   space 126464K, 0% used [0x00000000f8480000,0x00000000f8480000,0x0000000100000000)
 ParOldGen       total 444928K, used 297726K [0x00000000ab800000, 0x00000000c6a80000, 0x00000000e3d80000)
  object space 444928K, 66% used [0x00000000ab800000,0x00000000bdabf9c8,0x00000000c6a80000)
 Metaspace       used 31457K, capacity 31769K, committed 31872K, reserved 1077248K
  class space    used 3605K, capacity 3691K, committed 3712K, reserved 1048576K
Event: 3193,442 GC heap after
Heap after GC invocations=695 (full 25):
 PSYoungGen      total 312320K, used 30083K [0x00000000e3d80000, 0x00000000fef80000, 0x0000000100000000)
  eden space 202752K, 0% used [0x00000000e3d80000,0x00000000e3d80000,0x00000000f0380000)
  from space 109568K, 27% used [0x00000000f8480000,0x00000000fa1e0ed8,0x00000000fef80000)
  to   space 120832K, 0% used [0x00000000f0380000,0x00000000f0380000,0x00000000f7980000)
 ParOldGen       total 444928K, used 308242K [0x00000000ab800000, 0x00000000c6a80000, 0x00000000e3d80000)
  object space 444928K, 69% used [0x00000000ab800000,0x00000000be504a80,0x00000000c6a80000)
 Metaspace       used 31457K, capacity 31769K, committed 31872K, reserved 1077248K
  class space    used 3605K, capacity 3691K, committed 3712K, reserved 1048576K
}
Event: 3193,832 GC heap before
{Heap before GC invocations=696 (full 25):
 PSYoungGen      total 312320K, used 217099K [0x00000000e3d80000, 0x00000000fef80000, 0x0000000100000000)
  eden space 202752K, 92% used [0x00000000e3d80000,0x00000000ef421ff0,0x00000000f0380000)
  from space 109568K, 27% used [0x00000000f8480000,0x00000000fa1e0ed8,0x00000000fef80000)
  to   space 120832K, 0% used [0x00000000f0380000,0x00000000f0380000,0x00000000f7980000)
 ParOldGen       total 444928K, used 308242K [0x00000000ab800000, 0x00000000c6a80000, 0x00000000e3d80000)
  object space 444928K, 69% used [0x00000000ab800000,0x00000000be504a80,0x00000000c6a80000)
 Metaspace       used 31457K, capacity 31769K, committed 31872K, reserved 1077248K
  class space    used 3605K, capacity 3691K, committed 3712K, reserved 1048576K
Event: 3193,869 GC heap after
Heap after GC invocations=696 (full 25):
 PSYoungGen      total 323584K, used 30194K [0x00000000e3d80000, 0x00000000ffc00000, 0x0000000100000000)
  eden space 202752K, 0% used [0x00000000e3d80000,0x00000000e3d80000,0x00000000f0380000)
  from space 120832K, 24% used [0x00000000f0380000,0x00000000f20fc9c0,0x00000000f7980000)
  to   space 115712K, 0% used [0x00000000f8b00000,0x00000000f8b00000,0x00000000ffc00000)
 ParOldGen       total 444928K, used 318615K [0x00000000ab800000, 0x00000000c6a80000, 0x00000000e3d80000)
  object space 444928K, 71% used [0x00000000ab800000,0x00000000bef25dd0,0x00000000c6a80000)
 Metaspace       used 31457K, capacity 31769K, committed 31872K, reserved 1077248K
  class space    used 3605K, capacity 3691K, committed 3712K, reserved 1048576K
}
Event: 3194,290 GC heap before
{Heap before GC invocations=697 (full 25):
 PSYoungGen      total 323584K, used 223047K [0x00000000e3d80000, 0x00000000ffc00000, 0x0000000100000000)
  eden space 202752K, 95% used [0x00000000e3d80000,0x00000000ef9d5318,0x00000000f0380000)
  from space 120832K, 24% used [0x00000000f0380000,0x00000000f20fc9c0,0x00000000f7980000)
  to   space 115712K, 0% used [0x00000000f8b00000,0x00000000f8b00000,0x00000000ffc00000)
 ParOldGen       total 444928K, used 318615K [0x00000000ab800000, 0x00000000c6a80000, 0x00000000e3d80000)
  object space 444928K, 71% used [0x00000000ab800000,0x00000000bef25dd0,0x00000000c6a80000)
 Metaspace       used 31457K, capacity 31769K, committed 31872K, reserved 1077248K
  class space    used 3605K, capacity 3691K, committed 3712K, reserved 1048576K
Event: 3194,302 GC heap after
Heap after GC invocations=697 (full 25):
 PSYoungGen      total 333312K, used 16512K [0x00000000e3d80000, 0x00000000ff500000, 0x0000000100000000)
  eden space 224768K, 0% used [0x00000000e3d80000,0x00000000e3d80000,0x00000000f1900000)
  from space 108544K, 15% used [0x00000000f8b00000,0x00000000f9b20010,0x00000000ff500000)
  to   space 112640K, 0% used [0x00000000f1900000,0x00000000f1900000,0x00000000f8700000)
 ParOldGen       total 444928K, used 329054K [0x00000000ab800000, 0x00000000c6a80000, 0x00000000e3d80000)
  object space 444928K, 73% used [0x00000000ab800000,0x00000000bf957a90,0x00000000c6a80000)
 Metaspace       used 31457K, capacity 31769K, committed 31872K, reserved 1077248K
  class space    used 3605K, capacity 3691K, committed 3712K, reserved 1048576K
}

